<?xml version="1.0" encoding="UTF-8"?>
<!-- Generated by org.testng.reporters.JUnitReportReporter -->
<testsuite skipped="0" hostname="manipanjala-PC" name="sampleProjectMaven.Login" tests="1" failures="0" timestamp="02 Apr 2019 05:59:22 GMT" time="31.668" errors="0">
  <testcase name="run" time="31.668" classname="sampleProjectMaven.Login"/>
</testsuite> <!-- sampleProjectMaven.Login -->
