<?xml version="1.0" encoding="UTF-8"?>
<!-- Generated by org.testng.reporters.JUnitReportReporter -->
<testsuite skipped="0" hostname="manipanjala-PC" name="sampleProjectMaven.LoginTestCase" tests="1" failures="0" timestamp="25 Mar 2019 07:28:45 GMT" time="9.070" errors="0">
  <testcase name="launchApp" time="9.070" classname="sampleProjectMaven.LoginTestCase"/>
</testsuite> <!-- sampleProjectMaven.LoginTestCase -->
