<?xml version="1.0" encoding="UTF-8"?>
<!-- Generated by org.testng.reporters.JUnitReportReporter -->
<testsuite skipped="0" hostname="manipanjala-PC" name="sampleProjectMaven.Login" tests="1" failures="0" timestamp="25 Mar 2019 07:28:45 GMT" time="4.032" errors="0">
  <testcase name="Run" time="4.032" classname="sampleProjectMaven.Login"/>
</testsuite> <!-- sampleProjectMaven.Login -->
